<?xml version="1.0" encoding="UTF-8"?>
<!-- Generated by org.testng.reporters.JUnitXMLReporter -->
<testsuite hostname="User-PC" name="Default test" tests="5" failures="0" timestamp="11 Jan 2015 17:06:33 GMT" time="1.0" errors="0">
  <testcase name="testFeed" time="0.02" classname="testcases.Feed4Test"/>
  <testcase name="testFeed" time="0.0" classname="testcases.Feed4Test"/>
  <testcase name="testFeed" time="0.0" classname="testcases.Feed4Test"/>
  <testcase name="testFeed" time="0.0" classname="testcases.Feed4Test"/>
  <testcase name="testFeed" time="0.0" classname="testcases.Feed4Test"/>
</testsuite> <!-- Default test -->
