<?xml version="1.0" encoding="UTF-8"?>
<!-- Generated by org.testng.reporters.JUnitXMLReporter -->
<testsuite hostname="User-PC" name="Test" tests="3" failures="3" timestamp="25 Dec 2014 13:34:53 GMT" time="15.409" errors="0">
  <testcase name="gpsHighLevel" time="0.008" classname="testcases.LoginTest">
    <failure type="java.lang.AssertionError" message="expected [true] but found [false]">
      <![CDATA[java.lang.AssertionError: expected [true] but found [false]
	at testcases.LoginTest.gpsHighLevel(LoginTest.java:30)
... Removed 28 stack frames]]>
    </failure>
  </testcase> <!-- gpsHighLevel -->
  <testcase name="gpsHighLevel" time="0.001" classname="testcases.LoginTest">
    <failure type="java.lang.AssertionError" message="expected [true] but found [false]">
      <![CDATA[java.lang.AssertionError: expected [true] but found [false]
	at testcases.LoginTest.gpsHighLevel(LoginTest.java:30)
... Removed 28 stack frames]]>
    </failure>
  </testcase> <!-- gpsHighLevel -->
  <testcase name="gpsHighLevel" time="0.001" classname="testcases.LoginTest">
    <failure type="java.lang.AssertionError" message="expected [true] but found [false]">
      <![CDATA[java.lang.AssertionError: expected [true] but found [false]
	at testcases.LoginTest.gpsHighLevel(LoginTest.java:30)
... Removed 28 stack frames]]>
    </failure>
  </testcase> <!-- gpsHighLevel -->
</testsuite> <!-- Test -->
