<?xml version="1.0" encoding="UTF-8"?>
<!-- Generated by org.testng.reporters.JUnitXMLReporter -->
<testsuite hostname="User-PC" name="Test" tests="3" failures="3" timestamp="25 Dec 2014 17:41:14 GMT" time="32.63" errors="0">
  <testcase name="gpsHighLevel" time="2.011" classname="testcases.LoginTest">
    <failure type="java.lang.AssertionError" message="expected [true] but found [false]">
      <![CDATA[java.lang.AssertionError: expected [true] but found [false]
	at testcases.LoginTest.gpsHighLevel(LoginTest.java:32)
... Removed 31 stack frames]]>
    </failure>
  </testcase> <!-- gpsHighLevel -->
  <testcase name="gpsHighLevel" time="2.0" classname="testcases.LoginTest">
    <failure type="java.lang.AssertionError" message="expected [true] but found [false]">
      <![CDATA[java.lang.AssertionError: expected [true] but found [false]
	at testcases.LoginTest.gpsHighLevel(LoginTest.java:32)
... Removed 31 stack frames]]>
    </failure>
  </testcase> <!-- gpsHighLevel -->
  <testcase name="gpsHighLevel" time="2.001" classname="testcases.LoginTest">
    <failure type="java.lang.AssertionError" message="expected [true] but found [false]">
      <![CDATA[java.lang.AssertionError: expected [true] but found [false]
	at testcases.LoginTest.gpsHighLevel(LoginTest.java:32)
... Removed 31 stack frames]]>
    </failure>
  </testcase> <!-- gpsHighLevel -->
</testsuite> <!-- Test -->
