<?xml version="1.0" encoding="UTF-8"?>
<!-- Generated by org.testng.reporters.JUnitXMLReporter -->
<testsuite hostname="User-PC" name="TmpTest" tests="3" failures="3" timestamp="4 Jan 2015 14:20:34 GMT" time="39.356" errors="0">
  <testcase name="gpsHighLevel" time="2.01" classname="testcases.LoginTest">
    <failure type="java.lang.AssertionError" message="expected [true] but found [false]">
      <![CDATA[java.lang.AssertionError: expected [true] but found [false]
	at testcases.LoginTest.gpsHighLevel(LoginTest.java:32)
	at testcases.TestNgXmlGenerator.generateXml(TestNgXmlGenerator.java:44)
	at testcases.TestNgXmlGenerator.main(TestNgXmlGenerator.java:50)
... Removed 25 stack frames]]>
    </failure>
  </testcase> <!-- gpsHighLevel -->
  <testcase name="gpsHighLevel" time="2.0" classname="testcases.LoginTest">
    <failure type="java.lang.AssertionError" message="expected [true] but found [false]">
      <![CDATA[java.lang.AssertionError: expected [true] but found [false]
	at testcases.LoginTest.gpsHighLevel(LoginTest.java:32)
	at testcases.TestNgXmlGenerator.generateXml(TestNgXmlGenerator.java:44)
	at testcases.TestNgXmlGenerator.main(TestNgXmlGenerator.java:50)
... Removed 25 stack frames]]>
    </failure>
  </testcase> <!-- gpsHighLevel -->
  <testcase name="gpsHighLevel" time="2.001" classname="testcases.LoginTest">
    <failure type="java.lang.AssertionError" message="expected [true] but found [false]">
      <![CDATA[java.lang.AssertionError: expected [true] but found [false]
	at testcases.LoginTest.gpsHighLevel(LoginTest.java:32)
	at testcases.TestNgXmlGenerator.generateXml(TestNgXmlGenerator.java:44)
	at testcases.TestNgXmlGenerator.main(TestNgXmlGenerator.java:50)
... Removed 25 stack frames]]>
    </failure>
  </testcase> <!-- gpsHighLevel -->
</testsuite> <!-- TmpTest -->
